[INFO ] 2017-06-07 08:26:44.652 [localhost-startStop-1] ContextLoader - Root WebApplicationContext: initialization completed in 10006 ms
[INFO ] 2017-06-07 08:26:46.597 [main] RequestMappingHandlerAdapter - Looking for @ControllerAdvice: org.springframework.boot.context.embedded.AnnotationConfigEmbeddedWebApplicationContext@6f03482: startup date [Wed Jun 07 08:26:34 UTC 2017]; root of context hierarchy
[INFO ] 2017-06-07 08:26:46.976 [main] RequestMappingHandlerMapping - Mapped "{[/error]}" onto public org.springframework.http.ResponseEntity<java.util.Map<java.lang.String, java.lang.Object>> org.springframework.boot.autoconfigure.web.BasicErrorController.error(javax.servlet.http.HttpServletRequest)
[INFO ] 2017-06-07 08:26:46.980 [main] RequestMappingHandlerMapping - Mapped "{[/error],produces=[text/html]}" onto public org.springframework.web.servlet.ModelAndView org.springframework.boot.autoconfigure.web.BasicErrorController.errorHtml(javax.servlet.http.HttpServletRequest,javax.servlet.http.HttpServletResponse)
[INFO ] 2017-06-07 08:26:47.110 [main] SimpleUrlHandlerMapping - Mapped URL path [/webjars/**] onto handler of type [class org.springframework.web.servlet.resource.ResourceHttpRequestHandler]
[INFO ] 2017-06-07 08:26:47.110 [main] SimpleUrlHandlerMapping - Mapped URL path [/**] onto handler of type [class org.springframework.web.servlet.resource.ResourceHttpRequestHandler]
[INFO ] 2017-06-07 08:26:47.311 [main] SimpleUrlHandlerMapping - Mapped URL path [/**/favicon.ico] onto handler of type [class org.springframework.web.servlet.resource.ResourceHttpRequestHandler]
[INFO ] 2017-06-07 08:29:04.286 [localhost-startStop-1] ContextLoader - Root WebApplicationContext: initialization completed in 3036 ms
[INFO ] 2017-06-07 08:29:05.179 [main] RequestMappingHandlerAdapter - Looking for @ControllerAdvice: org.springframework.boot.context.embedded.AnnotationConfigEmbeddedWebApplicationContext@6f03482: startup date [Wed Jun 07 08:29:01 UTC 2017]; root of context hierarchy
[INFO ] 2017-06-07 08:29:05.306 [main] RequestMappingHandlerMapping - Mapped "{[/error]}" onto public org.springframework.http.ResponseEntity<java.util.Map<java.lang.String, java.lang.Object>> org.springframework.boot.autoconfigure.web.BasicErrorController.error(javax.servlet.http.HttpServletRequest)
[INFO ] 2017-06-07 08:29:05.308 [main] RequestMappingHandlerMapping - Mapped "{[/error],produces=[text/html]}" onto public org.springframework.web.servlet.ModelAndView org.springframework.boot.autoconfigure.web.BasicErrorController.errorHtml(javax.servlet.http.HttpServletRequest,javax.servlet.http.HttpServletResponse)
[INFO ] 2017-06-07 08:29:05.363 [main] SimpleUrlHandlerMapping - Mapped URL path [/webjars/**] onto handler of type [class org.springframework.web.servlet.resource.ResourceHttpRequestHandler]
[INFO ] 2017-06-07 08:29:05.363 [main] SimpleUrlHandlerMapping - Mapped URL path [/**] onto handler of type [class org.springframework.web.servlet.resource.ResourceHttpRequestHandler]
[INFO ] 2017-06-07 08:29:05.458 [main] SimpleUrlHandlerMapping - Mapped URL path [/**/favicon.ico] onto handler of type [class org.springframework.web.servlet.resource.ResourceHttpRequestHandler]
[INFO ] 2023-08-18 12:26:18.670 [main] ContextLoader - Root WebApplicationContext: initialization completed in 5073 ms
[INFO ] 2023-08-18 12:29:48.243 [main] ContextLoader - Root WebApplicationContext: initialization completed in 3448 ms
[INFO ] 2023-08-18 12:30:04.072 [main] ContextLoader - Root WebApplicationContext: initialization completed in 1803 ms
[INFO ] 2023-08-18 12:30:39.087 [main] ContextLoader - Root WebApplicationContext: initialization completed in 2009 ms
[INFO ] 2023-08-18 12:30:49.164 [main] ContextLoader - Root WebApplicationContext: initialization completed in 1723 ms
[INFO ] 2023-08-18 12:36:39.268 [main] ContextLoader - Root WebApplicationContext: initialization completed in 1883 ms
[INFO ] 2023-08-18 12:36:48.922 [main] ContextLoader - Root WebApplicationContext: initialization completed in 1810 ms
[INFO ] 2023-08-18 12:39:36.778 [main] ContextLoader - Root WebApplicationContext: initialization completed in 1894 ms
[INFO ] 2023-08-18 12:39:47.793 [main] ContextLoader - Root WebApplicationContext: initialization completed in 1762 ms
[INFO ] 2023-08-18 12:47:10.391 [main] ContextLoader - Root WebApplicationContext: initialization completed in 2561 ms
[INFO ] 2023-08-18 12:51:43.103 [main] ContextLoader - Root WebApplicationContext: initialization completed in 2926 ms
[INFO ] 2023-08-18 12:55:13.489 [main] ContextLoader - Root WebApplicationContext: initialization completed in 3028 ms
[INFO ] 2023-08-18 12:55:22.784 [main] ContextLoader - Root WebApplicationContext: initialization completed in 1706 ms
[INFO ] 2023-08-18 12:59:30.245 [main] ContextLoader - Root WebApplicationContext: initialization completed in 1953 ms
[INFO ] 2023-08-18 12:59:39.144 [main] ContextLoader - Root WebApplicationContext: initialization completed in 1639 ms
[INFO ] 2023-08-18 13:01:24.747 [main] ContextLoader - Root WebApplicationContext: initialization completed in 1973 ms
[INFO ] 2023-08-18 13:06:17.272 [main] ContextLoader - Root WebApplicationContext: initialization completed in 2933 ms
[INFO ] 2023-08-18 13:09:02.011 [main] ContextLoader - Root WebApplicationContext: initialization completed in 1997 ms
[INFO ] 2023-08-18 14:26:10.461 [main] ContextLoader - Root WebApplicationContext: initialization completed in 3581 ms
[INFO ] 2023-08-18 14:26:22.991 [main] ContextLoader - Root WebApplicationContext: initialization completed in 1642 ms
[INFO ] 2023-08-18 14:31:02.742 [main] ContextLoader - Root WebApplicationContext: initialization completed in 2046 ms
[INFO ] 2023-08-18 14:37:11.237 [main] ContextLoader - Root WebApplicationContext: initialization completed in 1719 ms
[INFO ] 2023-08-18 14:37:17.616 [main] ContextLoader - Root WebApplicationContext: initialization completed in 1771 ms
[INFO ] 2023-08-18 14:39:10.102 [main] ContextLoader - Root WebApplicationContext: initialization completed in 1727 ms
[INFO ] 2023-08-18 14:40:01.916 [main] ContextLoader - Root WebApplicationContext: initialization completed in 1967 ms
[INFO ] 2023-08-18 14:43:00.690 [main] ContextLoader - Root WebApplicationContext: initialization completed in 1800 ms
[INFO ] 2023-08-18 14:44:14.829 [main] ContextLoader - Root WebApplicationContext: initialization completed in 1683 ms
[INFO ] 2023-08-18 14:45:44.937 [main] ContextLoader - Root WebApplicationContext: initialization completed in 1792 ms
[INFO ] 2023-08-18 14:48:28.133 [main] ContextLoader - Root WebApplicationContext: initialization completed in 1730 ms
[INFO ] 2023-08-18 14:49:25.088 [main] ContextLoader - Root WebApplicationContext: initialization completed in 1729 ms
[INFO ] 2023-08-18 14:49:38.149 [main] ContextLoader - Root WebApplicationContext: initialization completed in 1759 ms
[INFO ] 2023-08-18 14:50:21.925 [main] ContextLoader - Root WebApplicationContext: initialization completed in 1736 ms
[INFO ] 2023-08-18 14:52:03.063 [main] ContextLoader - Root WebApplicationContext: initialization completed in 1769 ms
[INFO ] 2023-08-18 14:52:20.407 [main] ContextLoader - Root WebApplicationContext: initialization completed in 1691 ms
[INFO ] 2023-08-18 14:53:23.154 [main] ContextLoader - Root WebApplicationContext: initialization completed in 1754 ms
[INFO ] 2023-08-18 14:53:47.051 [main] ContextLoader - Root WebApplicationContext: initialization completed in 1791 ms
